Using pre-set license
Built from 'trunk' branch; Version is '2020.2.0b2 (90b2443a8df1) revision 9482820'; Using compiler version '192528614'; Build Type 'Release'
OS: 'Windows 10  (10.0.0) 64bit' Language: 'de' Physical Memory: 16340 MB
BatchMode: 1, IsHumanControllingUs: 0, StartBugReporterOnCrash: 0, Is64bit: 1, IsPro: 0

 COMMAND LINE ARGUMENTS:
D:\Unity\2020.2.0b2\Editor\Unity.exe
-adb2
-batchMode
-noUpm
-name
AssetImportWorker1
-projectPath
D:/Unity/LudumDare47/LudumDare47
-logFile
Logs/AssetImportWorker1.log
-srvPort
64863
Successfully changed project path to: D:/Unity/LudumDare47/LudumDare47
D:/Unity/LudumDare47/LudumDare47
Using Asset Import Pipeline V2.
Refreshing native plugins compatible for Editor in 27.36 ms, found 0 plugins.
Preloading 0 native plugins for Editor in 0.00 ms.
Initialize engine version: 2020.2.0b2 (90b2443a8df1)
[Subsystems] Discovering subsystems at path D:/Unity/2020.2.0b2/Editor/Data/Resources/UnitySubsystems
[Subsystems] Discovering subsystems at path D:/Unity/LudumDare47/LudumDare47/Assets
GfxDevice: creating device client; threaded=0
Direct3D:
    Version:  Direct3D 11.0 [level 11.0]
    Renderer: NVIDIA GeForce GTX 760 (192-bit) (ID=0x118e)
    Vendor:   
    VRAM:     1495 MB
    Driver:   27.21.14.5638
Initialize mono
Mono path[0] = 'D:/Unity/2020.2.0b2/Editor/Data/Managed'
Mono path[1] = 'D:/Unity/2020.2.0b2/Editor/Data/MonoBleedingEdge/lib/mono/unityjit'
Mono config path = 'D:/Unity/2020.2.0b2/Editor/Data/MonoBleedingEdge/etc'
Using monoOptions --debugger-agent=transport=dt_socket,embedding=1,server=y,suspend=n,address=127.0.0.1:56392
Begin MonoManager ReloadAssembly
Registering precompiled unity dll's ...
Register platform support module: D:/Unity/2020.2.0b2/Editor/Data/PlaybackEngines/WindowsStandaloneSupport/UnityEditor.WindowsStandalone.Extensions.dll
Register platform support module: D:/Unity/2020.2.0b2/Editor/Data/PlaybackEngines/LinuxStandaloneSupport/UnityEditor.LinuxStandalone.Extensions.dll
Registered in 0.001172 seconds.
Native extension for LinuxStandalone target not found
Native extension for WindowsStandalone target not found
Refreshing native plugins compatible for Editor in 25.09 ms, found 0 plugins.
Preloading 0 native plugins for Editor in 0.00 ms.
Invoked RoslynAnalysisRunner static constructor.
RoslynAnalysisRunner will not be running.
RoslynAnalysisRunner has terminated.
Mono: successfully reloaded assembly
- Completed reload, in  1.030 seconds
Registering precompiled user dll's ...
Registered in 0.034932 seconds.
Platform modules already initialized, skipping
Begin MonoManager ReloadAssembly
Symbol file LoadedFromMemory doesn't match image D:\Unity\LudumDare47\LudumDare47\Library\PackageCache\com.unity.ext.nunit@1.0.0\net35\unity-custom\nunit.framework.dll
Native extension for LinuxStandalone target not found
Native extension for WindowsStandalone target not found
Refreshing native plugins compatible for Editor in 28.25 ms, found 0 plugins.
Preloading 0 native plugins for Editor in 0.00 ms.
Invoked RoslynAnalysisRunner static constructor.
RoslynAnalysisRunner will not be running.
RoslynAnalysisRunner has terminated.
Mono: successfully reloaded assembly
- Completed reload, in  0.951 seconds
Platform modules already initialized, skipping
========================================================================
Worker process is ready to serve import requests
Launched and connected shader compiler UnityShaderCompiler.exe after 0.05 seconds
Refreshing native plugins compatible for Editor in 0.36 ms, found 0 plugins.
Preloading 0 native plugins for Editor in 0.00 ms.
Unloading 1455 Unused Serialized files (Serialized files now loaded: 0)
System memory in use before: 69.4 MB.
System memory in use after: 69.5 MB.

Unloading 4 unused Assets to reduce memory usage. Loaded Objects now: 1898.
Total: 2.463500 ms (FindLiveObjects: 0.345200 ms CreateObjectMapping: 0.088700 ms MarkObjects: 1.943000 ms  DeleteObjects: 0.085500 ms)

========================================================================
Received Import Request.
  path: ProjectSettings/TagManager.asset
  artifactKey: Guid(00000000000000003000000000000000) Importer(815301076,1909f56bfc062723c751e8b465ee728b)
Start importing ProjectSettings/TagManager.asset using Guid(00000000000000003000000000000000) Importer(815301076,1909f56bfc062723c751e8b465ee728b)  -> (artifact id: '64af8d32fcfb22733813ab22c3b3ca0d') in 0.036971 seconds
  Import took 0.040076 seconds .

========================================================================
Received Prepare
Reloading mono domain
Begin MonoManager ReloadAssembly
Registering precompiled unity dll's ...
Register platform support module: D:/Unity/2020.2.0b2/Editor/Data/PlaybackEngines/WindowsStandaloneSupport/UnityEditor.WindowsStandalone.Extensions.dll
Register platform support module: D:/Unity/2020.2.0b2/Editor/Data/PlaybackEngines/LinuxStandaloneSupport/UnityEditor.LinuxStandalone.Extensions.dll
Registered in 0.001158 seconds.
Symbol file LoadedFromMemory doesn't match image D:\Unity\LudumDare47\LudumDare47\Library\PackageCache\com.unity.ext.nunit@1.0.0\net35\unity-custom\nunit.framework.dll
Native extension for LinuxStandalone target not found
Native extension for WindowsStandalone target not found
Refreshing native plugins compatible for Editor in 27.67 ms, found 0 plugins.
Preloading 0 native plugins for Editor in 0.00 ms.
Invoked RoslynAnalysisRunner static constructor.
RoslynAnalysisRunner will not be running.
RoslynAnalysisRunner has terminated.
Mono: successfully reloaded assembly
- Completed reload, in  0.998 seconds
Registering precompiled user dll's ...
Registered in 0.035786 seconds.
Platform modules already initialized, skipping
Begin MonoManager ReloadAssembly
Symbol file LoadedFromMemory doesn't match image D:\Unity\LudumDare47\LudumDare47\Library\PackageCache\com.unity.ext.nunit@1.0.0\net35\unity-custom\nunit.framework.dll
Native extension for LinuxStandalone target not found
Native extension for WindowsStandalone target not found
Refreshing native plugins compatible for Editor in 0.31 ms, found 0 plugins.
Preloading 0 native plugins for Editor in 0.00 ms.
Invoked RoslynAnalysisRunner static constructor.
RoslynAnalysisRunner will not be running.
RoslynAnalysisRunner has terminated.
Mono: successfully reloaded assembly
- Completed reload, in  0.876 seconds
Platform modules already initialized, skipping
Refreshing native plugins compatible for Editor in 0.28 ms, found 0 plugins.
Preloading 0 native plugins for Editor in 0.00 ms.
Unloading 7 Unused Serialized files (Serialized files now loaded: 0)
System memory in use before: 41.2 MB.
System memory in use after: 41.3 MB.

Unloading 6 unused Assets to reduce memory usage. Loaded Objects now: 1902.
Total: 1.848300 ms (FindLiveObjects: 0.289200 ms CreateObjectMapping: 0.048900 ms MarkObjects: 1.480000 ms  DeleteObjects: 0.029500 ms)

========================================================================
Received Prepare
Reloading mono domain
Begin MonoManager ReloadAssembly
Registering precompiled unity dll's ...
Register platform support module: D:/Unity/2020.2.0b2/Editor/Data/PlaybackEngines/WindowsStandaloneSupport/UnityEditor.WindowsStandalone.Extensions.dll
Register platform support module: D:/Unity/2020.2.0b2/Editor/Data/PlaybackEngines/LinuxStandaloneSupport/UnityEditor.LinuxStandalone.Extensions.dll
Registered in 0.001126 seconds.
Symbol file LoadedFromMemory doesn't match image D:\Unity\LudumDare47\LudumDare47\Library\PackageCache\com.unity.ext.nunit@1.0.0\net35\unity-custom\nunit.framework.dll
Native extension for LinuxStandalone target not found
Native extension for WindowsStandalone target not found
Refreshing native plugins compatible for Editor in 29.42 ms, found 0 plugins.
Preloading 0 native plugins for Editor in 0.00 ms.
Invoked RoslynAnalysisRunner static constructor.
RoslynAnalysisRunner will not be running.
RoslynAnalysisRunner has terminated.
Mono: successfully reloaded assembly
- Completed reload, in  1.098 seconds
Registering precompiled user dll's ...
Registered in 0.036571 seconds.
Platform modules already initialized, skipping
Begin MonoManager ReloadAssembly
Symbol file LoadedFromMemory doesn't match image D:\Unity\LudumDare47\LudumDare47\Library\PackageCache\com.unity.ext.nunit@1.0.0\net35\unity-custom\nunit.framework.dll
Native extension for LinuxStandalone target not found
Native extension for WindowsStandalone target not found
Refreshing native plugins compatible for Editor in 0.30 ms, found 0 plugins.
Preloading 0 native plugins for Editor in 0.00 ms.
Invoked RoslynAnalysisRunner static constructor.
RoslynAnalysisRunner will not be running.
RoslynAnalysisRunner has terminated.
Mono: successfully reloaded assembly
- Completed reload, in  0.922 seconds
Platform modules already initialized, skipping
Refreshing native plugins compatible for Editor in 0.27 ms, found 0 plugins.
Preloading 0 native plugins for Editor in 0.00 ms.
Unloading 7 Unused Serialized files (Serialized files now loaded: 0)
System memory in use before: 41.2 MB.
System memory in use after: 41.3 MB.

Unloading 5 unused Assets to reduce memory usage. Loaded Objects now: 1906.
Total: 2.295700 ms (FindLiveObjects: 0.645000 ms CreateObjectMapping: 0.062900 ms MarkObjects: 1.557500 ms  DeleteObjects: 0.029500 ms)

========================================================================
Received Prepare
Reloading mono domain
Begin MonoManager ReloadAssembly
Registering precompiled unity dll's ...
Register platform support module: D:/Unity/2020.2.0b2/Editor/Data/PlaybackEngines/WindowsStandaloneSupport/UnityEditor.WindowsStandalone.Extensions.dll
Register platform support module: D:/Unity/2020.2.0b2/Editor/Data/PlaybackEngines/LinuxStandaloneSupport/UnityEditor.LinuxStandalone.Extensions.dll
Registered in 0.001297 seconds.
Symbol file LoadedFromMemory doesn't match image D:\Unity\LudumDare47\LudumDare47\Library\PackageCache\com.unity.ext.nunit@1.0.0\net35\unity-custom\nunit.framework.dll
Native extension for LinuxStandalone target not found
Native extension for WindowsStandalone target not found
Refreshing native plugins compatible for Editor in 29.37 ms, found 0 plugins.
Preloading 0 native plugins for Editor in 0.00 ms.
Invoked RoslynAnalysisRunner static constructor.
RoslynAnalysisRunner will not be running.
RoslynAnalysisRunner has terminated.
Mono: successfully reloaded assembly
- Completed reload, in  1.047 seconds
Registering precompiled user dll's ...
Registered in 0.033772 seconds.
Platform modules already initialized, skipping
Begin MonoManager ReloadAssembly
Symbol file LoadedFromMemory doesn't match image D:\Unity\LudumDare47\LudumDare47\Library\PackageCache\com.unity.ext.nunit@1.0.0\net35\unity-custom\nunit.framework.dll
Native extension for LinuxStandalone target not found
Native extension for WindowsStandalone target not found
Refreshing native plugins compatible for Editor in 0.29 ms, found 0 plugins.
Preloading 0 native plugins for Editor in 0.00 ms.
Invoked RoslynAnalysisRunner static constructor.
RoslynAnalysisRunner will not be running.
RoslynAnalysisRunner has terminated.
Mono: successfully reloaded assembly
- Completed reload, in  0.971 seconds
Platform modules already initialized, skipping
Refreshing native plugins compatible for Editor in 0.28 ms, found 0 plugins.
Preloading 0 native plugins for Editor in 0.00 ms.
Unloading 7 Unused Serialized files (Serialized files now loaded: 0)
System memory in use before: 41.3 MB.
System memory in use after: 41.4 MB.

Unloading 5 unused Assets to reduce memory usage. Loaded Objects now: 1910.
Total: 2.537000 ms (FindLiveObjects: 0.459900 ms CreateObjectMapping: 0.117700 ms MarkObjects: 1.934400 ms  DeleteObjects: 0.023100 ms)

========================================================================
Received Prepare
Reloading mono domain
Begin MonoManager ReloadAssembly
Registering precompiled unity dll's ...
Register platform support module: D:/Unity/2020.2.0b2/Editor/Data/PlaybackEngines/WindowsStandaloneSupport/UnityEditor.WindowsStandalone.Extensions.dll
Register platform support module: D:/Unity/2020.2.0b2/Editor/Data/PlaybackEngines/LinuxStandaloneSupport/UnityEditor.LinuxStandalone.Extensions.dll
Registered in 0.001086 seconds.
Symbol file LoadedFromMemory doesn't match image D:\Unity\LudumDare47\LudumDare47\Library\PackageCache\com.unity.ext.nunit@1.0.0\net35\unity-custom\nunit.framework.dll
Native extension for LinuxStandalone target not found
Native extension for WindowsStandalone target not found
Refreshing native plugins compatible for Editor in 40.64 ms, found 0 plugins.
Preloading 0 native plugins for Editor in 0.00 ms.
Invoked RoslynAnalysisRunner static constructor.
RoslynAnalysisRunner will not be running.
RoslynAnalysisRunner has terminated.
Mono: successfully reloaded assembly
- Completed reload, in  1.193 seconds
Registering precompiled user dll's ...
Registered in 0.036377 seconds.
Platform modules already initialized, skipping
Begin MonoManager ReloadAssembly
Symbol file LoadedFromMemory doesn't match image D:\Unity\LudumDare47\LudumDare47\Library\PackageCache\com.unity.ext.nunit@1.0.0\net35\unity-custom\nunit.framework.dll
Native extension for LinuxStandalone target not found
Native extension for WindowsStandalone target not found
Refreshing native plugins compatible for Editor in 0.30 ms, found 0 plugins.
Preloading 0 native plugins for Editor in 0.00 ms.
Invoked RoslynAnalysisRunner static constructor.
RoslynAnalysisRunner will not be running.
RoslynAnalysisRunner has terminated.
Mono: successfully reloaded assembly
- Completed reload, in  0.988 seconds
Platform modules already initialized, skipping
Refreshing native plugins compatible for Editor in 0.28 ms, found 0 plugins.
Preloading 0 native plugins for Editor in 0.00 ms.
Unloading 7 Unused Serialized files (Serialized files now loaded: 0)
System memory in use before: 41.4 MB.
System memory in use after: 41.5 MB.

Unloading 5 unused Assets to reduce memory usage. Loaded Objects now: 1914.
Total: 1.960600 ms (FindLiveObjects: 0.321700 ms CreateObjectMapping: 0.051200 ms MarkObjects: 1.571600 ms  DeleteObjects: 0.014700 ms)

========================================================================
Received Prepare
Reloading mono domain
Begin MonoManager ReloadAssembly
Registering precompiled unity dll's ...
Register platform support module: D:/Unity/2020.2.0b2/Editor/Data/PlaybackEngines/WindowsStandaloneSupport/UnityEditor.WindowsStandalone.Extensions.dll
Register platform support module: D:/Unity/2020.2.0b2/Editor/Data/PlaybackEngines/LinuxStandaloneSupport/UnityEditor.LinuxStandalone.Extensions.dll
Registered in 0.001071 seconds.
Symbol file LoadedFromMemory doesn't match image D:\Unity\LudumDare47\LudumDare47\Library\PackageCache\com.unity.ext.nunit@1.0.0\net35\unity-custom\nunit.framework.dll
Native extension for LinuxStandalone target not found
Native extension for WindowsStandalone target not found
Refreshing native plugins compatible for Editor in 25.39 ms, found 0 plugins.
Preloading 0 native plugins for Editor in 0.00 ms.
Invoked RoslynAnalysisRunner static constructor.
RoslynAnalysisRunner will not be running.
RoslynAnalysisRunner has terminated.
Mono: successfully reloaded assembly
- Completed reload, in  0.982 seconds
Registering precompiled user dll's ...
Registered in 0.035881 seconds.
Platform modules already initialized, skipping
Begin MonoManager ReloadAssembly
Symbol file LoadedFromMemory doesn't match image D:\Unity\LudumDare47\LudumDare47\Library\PackageCache\com.unity.ext.nunit@1.0.0\net35\unity-custom\nunit.framework.dll
Native extension for LinuxStandalone target not found
Native extension for WindowsStandalone target not found
Refreshing native plugins compatible for Editor in 0.29 ms, found 0 plugins.
Preloading 0 native plugins for Editor in 0.00 ms.
Invoked RoslynAnalysisRunner static constructor.
RoslynAnalysisRunner will not be running.
RoslynAnalysisRunner has terminated.
Mono: successfully reloaded assembly
- Completed reload, in  0.982 seconds
Platform modules already initialized, skipping
Refreshing native plugins compatible for Editor in 0.24 ms, found 0 plugins.
Preloading 0 native plugins for Editor in 0.00 ms.
Unloading 7 Unused Serialized files (Serialized files now loaded: 0)
System memory in use before: 41.4 MB.
System memory in use after: 41.5 MB.

Unloading 5 unused Assets to reduce memory usage. Loaded Objects now: 1918.
Total: 2.368200 ms (FindLiveObjects: 0.364200 ms CreateObjectMapping: 0.053700 ms MarkObjects: 1.933200 ms  DeleteObjects: 0.016100 ms)

========================================================================
Received Prepare
Reloading mono domain
Begin MonoManager ReloadAssembly
Registering precompiled unity dll's ...
Register platform support module: D:/Unity/2020.2.0b2/Editor/Data/PlaybackEngines/WindowsStandaloneSupport/UnityEditor.WindowsStandalone.Extensions.dll
Register platform support module: D:/Unity/2020.2.0b2/Editor/Data/PlaybackEngines/LinuxStandaloneSupport/UnityEditor.LinuxStandalone.Extensions.dll
Registered in 0.001050 seconds.
Symbol file LoadedFromMemory doesn't match image D:\Unity\LudumDare47\LudumDare47\Library\PackageCache\com.unity.ext.nunit@1.0.0\net35\unity-custom\nunit.framework.dll
Native extension for LinuxStandalone target not found
Native extension for WindowsStandalone target not found
Refreshing native plugins compatible for Editor in 28.37 ms, found 0 plugins.
Preloading 0 native plugins for Editor in 0.00 ms.
Invoked RoslynAnalysisRunner static constructor.
RoslynAnalysisRunner will not be running.
RoslynAnalysisRunner has terminated.
Mono: successfully reloaded assembly
- Completed reload, in  1.041 seconds
Registering precompiled user dll's ...
Registered in 0.034674 seconds.
Platform modules already initialized, skipping
Begin MonoManager ReloadAssembly
Symbol file LoadedFromMemory doesn't match image D:\Unity\LudumDare47\LudumDare47\Library\PackageCache\com.unity.ext.nunit@1.0.0\net35\unity-custom\nunit.framework.dll
Native extension for LinuxStandalone target not found
Native extension for WindowsStandalone target not found
Refreshing native plugins compatible for Editor in 0.28 ms, found 0 plugins.
Preloading 0 native plugins for Editor in 0.00 ms.
Invoked RoslynAnalysisRunner static constructor.
RoslynAnalysisRunner will not be running.
RoslynAnalysisRunner has terminated.
Mono: successfully reloaded assembly
- Completed reload, in  0.996 seconds
Platform modules already initialized, skipping
Refreshing native plugins compatible for Editor in 0.29 ms, found 0 plugins.
Preloading 0 native plugins for Editor in 0.00 ms.
Unloading 7 Unused Serialized files (Serialized files now loaded: 0)
System memory in use before: 41.5 MB.
System memory in use after: 41.6 MB.

Unloading 5 unused Assets to reduce memory usage. Loaded Objects now: 1922.
Total: 2.084100 ms (FindLiveObjects: 0.356600 ms CreateObjectMapping: 0.054500 ms MarkObjects: 1.642700 ms  DeleteObjects: 0.029400 ms)

========================================================================
Received Prepare
Reloading mono domain
Begin MonoManager ReloadAssembly
Registering precompiled unity dll's ...
Register platform support module: D:/Unity/2020.2.0b2/Editor/Data/PlaybackEngines/WindowsStandaloneSupport/UnityEditor.WindowsStandalone.Extensions.dll
Register platform support module: D:/Unity/2020.2.0b2/Editor/Data/PlaybackEngines/LinuxStandaloneSupport/UnityEditor.LinuxStandalone.Extensions.dll
Registered in 0.001038 seconds.
Symbol file LoadedFromMemory doesn't match image D:\Unity\LudumDare47\LudumDare47\Library\PackageCache\com.unity.ext.nunit@1.0.0\net35\unity-custom\nunit.framework.dll
Native extension for LinuxStandalone target not found
Native extension for WindowsStandalone target not found
Refreshing native plugins compatible for Editor in 26.58 ms, found 0 plugins.
Preloading 0 native plugins for Editor in 0.00 ms.
Invoked RoslynAnalysisRunner static constructor.
RoslynAnalysisRunner will not be running.
RoslynAnalysisRunner has terminated.
Mono: successfully reloaded assembly
- Completed reload, in  1.042 seconds
Registering precompiled user dll's ...
Registered in 0.034149 seconds.
Platform modules already initialized, skipping
Begin MonoManager ReloadAssembly
Symbol file LoadedFromMemory doesn't match image D:\Unity\LudumDare47\LudumDare47\Library\PackageCache\com.unity.ext.nunit@1.0.0\net35\unity-custom\nunit.framework.dll
Native extension for LinuxStandalone target not found
Native extension for WindowsStandalone target not found
Refreshing native plugins compatible for Editor in 0.29 ms, found 0 plugins.
Preloading 0 native plugins for Editor in 0.00 ms.
Invoked RoslynAnalysisRunner static constructor.
RoslynAnalysisRunner will not be running.
RoslynAnalysisRunner has terminated.
Mono: successfully reloaded assembly
- Completed reload, in  1.046 seconds
Platform modules already initialized, skipping
Refreshing native plugins compatible for Editor in 0.30 ms, found 0 plugins.
Preloading 0 native plugins for Editor in 0.00 ms.
Unloading 7 Unused Serialized files (Serialized files now loaded: 0)
System memory in use before: 41.5 MB.
System memory in use after: 41.7 MB.

Unloading 5 unused Assets to reduce memory usage. Loaded Objects now: 1926.
Total: 2.018800 ms (FindLiveObjects: 0.386900 ms CreateObjectMapping: 0.051800 ms MarkObjects: 1.549700 ms  DeleteObjects: 0.029300 ms)

========================================================================
Received Prepare
Reloading mono domain
Begin MonoManager ReloadAssembly
Registering precompiled unity dll's ...
Register platform support module: D:/Unity/2020.2.0b2/Editor/Data/PlaybackEngines/WindowsStandaloneSupport/UnityEditor.WindowsStandalone.Extensions.dll
Register platform support module: D:/Unity/2020.2.0b2/Editor/Data/PlaybackEngines/LinuxStandaloneSupport/UnityEditor.LinuxStandalone.Extensions.dll
Registered in 0.001067 seconds.
Symbol file LoadedFromMemory doesn't match image D:\Unity\LudumDare47\LudumDare47\Library\PackageCache\com.unity.ext.nunit@1.0.0\net35\unity-custom\nunit.framework.dll
Native extension for LinuxStandalone target not found
Native extension for WindowsStandalone target not found
Refreshing native plugins compatible for Editor in 32.18 ms, found 0 plugins.
Preloading 0 native plugins for Editor in 0.00 ms.
Invoked RoslynAnalysisRunner static constructor.
RoslynAnalysisRunner will not be running.
RoslynAnalysisRunner has terminated.
Mono: successfully reloaded assembly
- Completed reload, in  1.085 seconds
Registering precompiled user dll's ...
Registered in 0.039083 seconds.
Platform modules already initialized, skipping
Begin MonoManager ReloadAssembly
Symbol file LoadedFromMemory doesn't match image D:\Unity\LudumDare47\LudumDare47\Library\PackageCache\com.unity.ext.nunit@1.0.0\net35\unity-custom\nunit.framework.dll
Native extension for LinuxStandalone target not found
Native extension for WindowsStandalone target not found
Refreshing native plugins compatible for Editor in 0.29 ms, found 0 plugins.
Preloading 0 native plugins for Editor in 0.00 ms.
Invoked RoslynAnalysisRunner static constructor.
RoslynAnalysisRunner will not be running.
RoslynAnalysisRunner has terminated.
Mono: successfully reloaded assembly
- Completed reload, in  1.024 seconds
Platform modules already initialized, skipping
Refreshing native plugins compatible for Editor in 0.22 ms, found 0 plugins.
Preloading 0 native plugins for Editor in 0.00 ms.
Unloading 7 Unused Serialized files (Serialized files now loaded: 0)
System memory in use before: 41.6 MB.
System memory in use after: 41.7 MB.

Unloading 5 unused Assets to reduce memory usage. Loaded Objects now: 1930.
Total: 2.025800 ms (FindLiveObjects: 0.354200 ms CreateObjectMapping: 0.052300 ms MarkObjects: 1.589200 ms  DeleteObjects: 0.029200 ms)

========================================================================
Received Prepare
Reloading mono domain
Begin MonoManager ReloadAssembly
Registering precompiled unity dll's ...
Register platform support module: D:/Unity/2020.2.0b2/Editor/Data/PlaybackEngines/WindowsStandaloneSupport/UnityEditor.WindowsStandalone.Extensions.dll
Register platform support module: D:/Unity/2020.2.0b2/Editor/Data/PlaybackEngines/LinuxStandaloneSupport/UnityEditor.LinuxStandalone.Extensions.dll
Registered in 0.001446 seconds.
Symbol file LoadedFromMemory doesn't match image D:\Unity\LudumDare47\LudumDare47\Library\PackageCache\com.unity.ext.nunit@1.0.0\net35\unity-custom\nunit.framework.dll
Native extension for LinuxStandalone target not found
Native extension for WindowsStandalone target not found
Refreshing native plugins compatible for Editor in 28.85 ms, found 0 plugins.
Preloading 0 native plugins for Editor in 0.00 ms.
Invoked RoslynAnalysisRunner static constructor.
RoslynAnalysisRunner will not be running.
RoslynAnalysisRunner has terminated.
Mono: successfully reloaded assembly
- Completed reload, in  1.287 seconds
Registering precompiled user dll's ...
Registered in 0.040654 seconds.
Platform modules already initialized, skipping
Begin MonoManager ReloadAssembly
Symbol file LoadedFromMemory doesn't match image D:\Unity\LudumDare47\LudumDare47\Library\PackageCache\com.unity.ext.nunit@1.0.0\net35\unity-custom\nunit.framework.dll
Native extension for LinuxStandalone target not found
Native extension for WindowsStandalone target not found
Refreshing native plugins compatible for Editor in 0.29 ms, found 0 plugins.
Preloading 0 native plugins for Editor in 0.00 ms.
Invoked RoslynAnalysisRunner static constructor.
RoslynAnalysisRunner will not be running.
RoslynAnalysisRunner has terminated.
Mono: successfully reloaded assembly
- Completed reload, in  1.088 seconds
Platform modules already initialized, skipping
Refreshing native plugins compatible for Editor in 0.23 ms, found 0 plugins.
Preloading 0 native plugins for Editor in 0.00 ms.
Unloading 7 Unused Serialized files (Serialized files now loaded: 0)
System memory in use before: 41.7 MB.
System memory in use after: 41.8 MB.

Unloading 5 unused Assets to reduce memory usage. Loaded Objects now: 1934.
Total: 2.428700 ms (FindLiveObjects: 0.393900 ms CreateObjectMapping: 0.050700 ms MarkObjects: 1.961100 ms  DeleteObjects: 0.022200 ms)

========================================================================
Received Prepare
Reloading mono domain
Begin MonoManager ReloadAssembly
Registering precompiled unity dll's ...
Register platform support module: D:/Unity/2020.2.0b2/Editor/Data/PlaybackEngines/WindowsStandaloneSupport/UnityEditor.WindowsStandalone.Extensions.dll
Register platform support module: D:/Unity/2020.2.0b2/Editor/Data/PlaybackEngines/LinuxStandaloneSupport/UnityEditor.LinuxStandalone.Extensions.dll
Registered in 0.001035 seconds.
Symbol file LoadedFromMemory doesn't match image D:\Unity\LudumDare47\LudumDare47\Library\PackageCache\com.unity.ext.nunit@1.0.0\net35\unity-custom\nunit.framework.dll
Native extension for LinuxStandalone target not found
Native extension for WindowsStandalone target not found
Refreshing native plugins compatible for Editor in 27.65 ms, found 0 plugins.
Preloading 0 native plugins for Editor in 0.00 ms.
Invoked RoslynAnalysisRunner static constructor.
RoslynAnalysisRunner will not be running.
RoslynAnalysisRunner has terminated.
Mono: successfully reloaded assembly
- Completed reload, in  1.208 seconds
Registering precompiled user dll's ...
Registered in 0.035299 seconds.
Platform modules already initialized, skipping
Begin MonoManager ReloadAssembly
Symbol file LoadedFromMemory doesn't match image D:\Unity\LudumDare47\LudumDare47\Library\PackageCache\com.unity.ext.nunit@1.0.0\net35\unity-custom\nunit.framework.dll
Native extension for LinuxStandalone target not found
Native extension for WindowsStandalone target not found
Refreshing native plugins compatible for Editor in 0.30 ms, found 0 plugins.
Preloading 0 native plugins for Editor in 0.00 ms.
Invoked RoslynAnalysisRunner static constructor.
RoslynAnalysisRunner will not be running.
RoslynAnalysisRunner has terminated.
Mono: successfully reloaded assembly
- Completed reload, in  1.176 seconds
Platform modules already initialized, skipping
Refreshing native plugins compatible for Editor in 0.28 ms, found 0 plugins.
Preloading 0 native plugins for Editor in 0.00 ms.
Unloading 7 Unused Serialized files (Serialized files now loaded: 0)
System memory in use before: 41.7 MB.
System memory in use after: 41.8 MB.

Unloading 5 unused Assets to reduce memory usage. Loaded Objects now: 1938.
Total: 2.473500 ms (FindLiveObjects: 0.311000 ms CreateObjectMapping: 0.051700 ms MarkObjects: 2.080200 ms  DeleteObjects: 0.029800 ms)

========================================================================
Received Import Request.
  Time since last request: 1301.433986 seconds.
  path: Assets/Scrips/GetTriggerCollisionState.cs
  artifactKey: Guid(c6e8b9789359225409ac2a7b3679286e) Importer(815301076,1909f56bfc062723c751e8b465ee728b)
Start importing Assets/Scrips/GetTriggerCollisionState.cs using Guid(c6e8b9789359225409ac2a7b3679286e) Importer(815301076,1909f56bfc062723c751e8b465ee728b)  -> (artifact id: '2924df23c36d49dfb9a42565c1949a21') in 0.012615 seconds
  Import took 0.016098 seconds .

========================================================================
Received Import Request.
  Time since last request: 0.002483 seconds.
  path: Assets/Scrips/GetTriggerCollisionState.cs
  artifactKey: Guid(c6e8b9789359225409ac2a7b3679286e) Importer(815301076,1909f56bfc062723c751e8b465ee728b)
Start importing Assets/Scrips/GetTriggerCollisionState.cs using Guid(c6e8b9789359225409ac2a7b3679286e) Importer(815301076,1909f56bfc062723c751e8b465ee728b)  -> (artifact id: '2924df23c36d49dfb9a42565c1949a21') in 0.002196 seconds
  Import took 0.005708 seconds .

========================================================================
Received Import Request.
  Time since last request: 95.665324 seconds.
  path: Assets/Scrips/GetTriggerCollisionState.cs
  artifactKey: Guid(c6e8b9789359225409ac2a7b3679286e) Importer(815301076,1909f56bfc062723c751e8b465ee728b)
Start importing Assets/Scrips/GetTriggerCollisionState.cs using Guid(c6e8b9789359225409ac2a7b3679286e) Importer(815301076,1909f56bfc062723c751e8b465ee728b)  -> (artifact id: 'a3697680ec4cdc87fbeecc09fa68c178') in 0.002273 seconds
  Import took 0.005247 seconds .

========================================================================
Received Import Request.
  Time since last request: 13.125719 seconds.
  path: Assets/Scrips/TriggerCollidingState.cs
  artifactKey: Guid(4075b3817b62b7b4aa3b48f1684fb414) Importer(815301076,1909f56bfc062723c751e8b465ee728b)
Start importing Assets/Scrips/TriggerCollidingState.cs using Guid(4075b3817b62b7b4aa3b48f1684fb414) Importer(815301076,1909f56bfc062723c751e8b465ee728b)  -> (artifact id: '693ccc17172fd16abb0d66ec793541b3') in 0.002397 seconds
  Import took 0.005816 seconds .

AssetImportWorkerClient::OnTransportError - code=2 error=End of file
